<?xml version="1.0" encoding="UTF-8"?>
<!-- Generated by org.testng.reporters.JUnitReportReporter -->
<testsuite hostname="LT-MBP-086.local" failures="0" tests="1" name="com.example.testcases.TestCase1" time="10.526" errors="0" timestamp="14 Jul 2023 09:13:39 GMT" skipped="0">
  <testcase classname="com.example.testcases.TestCase1" name="test" time="10.526"/>
</testsuite> <!-- com.example.testcases.TestCase1 -->
