<?xml version="1.0" encoding="UTF-8"?>
<!-- Generated by org.testng.reporters.JUnitReportReporter -->
<testsuite hostname="LT-MBP-086.local" failures="0" tests="1" name="com.example.testcases.TestCase2" time="12.406" errors="0" timestamp="14 Jul 2023 09:13:39 GMT" skipped="0">
  <testcase classname="com.example.testcases.TestCase2" name="test" time="12.406"/>
</testsuite> <!-- com.example.testcases.TestCase2 -->
